# JRE version: OpenJDK Runtime Environment Temurin-17.0.13+11 (17.0.13+11) (build 17.0.13+11)
# Java VM: OpenJDK 64-Bit Server VM Temurin-17.0.13+11 (17.0.13+11, mixed mode, tiered, compressed oops, compressed class ptrs, parallel gc, windows-amd64)
GC Precious Log:
 CPUs: 8 total, 8 available
 Memory: 7914M
 Large Page Support: Disabled
 NUMA Support: Disabled
 Compressed Oops: Enabled (32-bit)
 Alignments: Space 512K, Generation 512K, Heap 2M
 Heap Min Capacity: 100M
 Heap Initial Capacity: 100M
 Heap Max Capacity: 1G
 Pre-touch: Disabled
 Parallel Workers: 8
Heap:
 PSYoungGen      total 16384K, used 10294K [0x00000000eab00000, 0x00000000ebf80000, 0x0000000100000000)
  eden space 13312K, 54% used [0x00000000eab00000,0x00000000eb214130,0x00000000eb800000)
  from space 3072K, 99% used [0x00000000ebc80000,0x00000000ebf79940,0x00000000ebf80000)
  to   space 3584K, 0% used [0x00000000eb880000,0x00000000eb880000,0x00000000ebc00000)
 ParOldGen       total 276992K, used 239559K [0x00000000c0000000, 0x00000000d0e80000, 0x00000000eab00000)
  object space 276992K, 86% used [0x00000000c0000000,0x00000000ce9f1ca8,0x00000000d0e80000)
 Metaspace       used 69285K, committed 70656K, reserved 1114112K
  class space    used 7229K, committed 7808K, reserved 1048576K
GC Heap History (20 events):
Event: 10.253 GC heap before
{Heap before GC invocations=136 (full 8):
 PSYoungGen      total 9216K, used 9165K [0x00000000eab00000, 0x00000000ebb00000, 0x0000000100000000)
  eden space 6144K, 100% used [0x00000000eab00000,0x00000000eb100000,0x00000000eb100000)
  from space 3072K, 98% used [0x00000000eb100000,0x00000000eb3f3678,0x00000000eb400000)
  to   space 4608K, 0% used [0x00000000eb680000,0x00000000eb680000,0x00000000ebb00000)
 ParOldGen       total 233984K, used 225801K [0x00000000c0000000, 0x00000000ce480000, 0x00000000eab00000)
  object space 233984K, 96% used [0x00000000c0000000,0x00000000cdc826e0,0x00000000ce480000)
 Metaspace       used 69241K, committed 70592K, reserved 1114112K
  class space    used 7231K, committed 7808K, reserved 1048576K
}
Event: 10.257 GC heap after
{Heap after GC invocations=136 (full 8):
 PSYoungGen      total 10240K, used 2728K [0x00000000eab00000, 0x00000000eb980000, 0x0000000100000000)
  eden space 7168K, 0% used [0x00000000eab00000,0x00000000eab00000,0x00000000eb200000)
  from space 3072K, 88% used [0x00000000eb680000,0x00000000eb92a030,0x00000000eb980000)
  to   space 3072K, 0% used [0x00000000eb380000,0x00000000eb380000,0x00000000eb680000)
 ParOldGen       total 233984K, used 227351K [0x00000000c0000000, 0x00000000ce480000, 0x00000000eab00000)
  object space 233984K, 97% used [0x00000000c0000000,0x00000000cde05ef0,0x00000000ce480000)
 Metaspace       used 69241K, committed 70592K, reserved 1114112K
  class space    used 7231K, committed 7808K, reserved 1048576K
}
Event: 10.275 GC heap before
{Heap before GC invocations=137 (full 8):
 PSYoungGen      total 10240K, used 9896K [0x00000000eab00000, 0x00000000eb980000, 0x0000000100000000)
  eden space 7168K, 100% used [0x00000000eab00000,0x00000000eb200000,0x00000000eb200000)
  from space 3072K, 88% used [0x00000000eb680000,0x00000000eb92a030,0x00000000eb980000)
  to   space 3072K, 0% used [0x00000000eb380000,0x00000000eb380000,0x00000000eb680000)
 ParOldGen       total 233984K, used 227351K [0x00000000c0000000, 0x00000000ce480000, 0x00000000eab00000)
  object space 233984K, 97% used [0x00000000c0000000,0x00000000cde05ef0,0x00000000ce480000)
 Metaspace       used 69247K, committed 70592K, reserved 1114112K
  class space    used 7231K, committed 7808K, reserved 1048576K
}
Event: 10.278 GC heap after
{Heap after GC invocations=137 (full 8):
 PSYoungGen      total 11264K, used 3052K [0x00000000eab00000, 0x00000000ebd00000, 0x0000000100000000)
  eden space 8192K, 0% used [0x00000000eab00000,0x00000000eab00000,0x00000000eb300000)
  from space 3072K, 99% used [0x00000000eb380000,0x00000000eb67b2a0,0x00000000eb680000)
  to   space 5120K, 0% used [0x00000000eb800000,0x00000000eb800000,0x00000000ebd00000)
 ParOldGen       total 233984K, used 228630K [0x00000000c0000000, 0x00000000ce480000, 0x00000000eab00000)
  object space 233984K, 97% used [0x00000000c0000000,0x00000000cdf45a70,0x00000000ce480000)
 Metaspace       used 69247K, committed 70592K, reserved 1114112K
  class space    used 7231K, committed 7808K, reserved 1048576K
}
Event: 10.299 GC heap before
{Heap before GC invocations=138 (full 8):
 PSYoungGen      total 11264K, used 11244K [0x00000000eab00000, 0x00000000ebd00000, 0x0000000100000000)
  eden space 8192K, 100% used [0x00000000eab00000,0x00000000eb300000,0x00000000eb300000)
  from space 3072K, 99% used [0x00000000eb380000,0x00000000eb67b2a0,0x00000000eb680000)
  to   space 5120K, 0% used [0x00000000eb800000,0x00000000eb800000,0x00000000ebd00000)
 ParOldGen       total 233984K, used 228630K [0x00000000c0000000, 0x00000000ce480000, 0x00000000eab00000)
  object space 233984K, 97% used [0x00000000c0000000,0x00000000cdf45a70,0x00000000ce480000)
 Metaspace       used 69250K, committed 70592K, reserved 1114112K
  class space    used 7231K, committed 7808K, reserved 1048576K
}
Event: 10.302 GC heap after
{Heap after GC invocations=138 (full 8):
 PSYoungGen      total 11776K, used 2111K [0x00000000eab00000, 0x00000000eba80000, 0x0000000100000000)
  eden space 9216K, 0% used [0x00000000eab00000,0x00000000eab00000,0x00000000eb400000)
  from space 2560K, 82% used [0x00000000eb800000,0x00000000eba0ff10,0x00000000eba80000)
  to   space 3072K, 0% used [0x00000000eb480000,0x00000000eb480000,0x00000000eb780000)
 ParOldGen       total 233984K, used 231504K [0x00000000c0000000, 0x00000000ce480000, 0x00000000eab00000)
  object space 233984K, 98% used [0x00000000c0000000,0x00000000ce214350,0x00000000ce480000)
 Metaspace       used 69250K, committed 70592K, reserved 1114112K
  class space    used 7231K, committed 7808K, reserved 1048576K
}
Event: 10.324 GC heap before
{Heap before GC invocations=139 (full 9):
 PSYoungGen      total 11776K, used 11327K [0x00000000eab00000, 0x00000000eba80000, 0x0000000100000000)
  eden space 9216K, 99% used [0x00000000eab00000,0x00000000eb3fffe0,0x00000000eb400000)
  from space 2560K, 82% used [0x00000000eb800000,0x00000000eba0ff10,0x00000000eba80000)
  to   space 3072K, 0% used [0x00000000eb480000,0x00000000eb480000,0x00000000eb780000)
 ParOldGen       total 233984K, used 231504K [0x00000000c0000000, 0x00000000ce480000, 0x00000000eab00000)
  object space 233984K, 98% used [0x00000000c0000000,0x00000000ce214350,0x00000000ce480000)
 Metaspace       used 69285K, committed 70592K, reserved 1114112K
  class space    used 7232K, committed 7808K, reserved 1048576K
}
Event: 10.446 GC heap after
{Heap after GC invocations=139 (full 9):
 PSYoungGen      total 12800K, used 0K [0x00000000eab00000, 0x00000000ebb00000, 0x0000000100000000)
  eden space 9728K, 0% used [0x00000000eab00000,0x00000000eab00000,0x00000000eb480000)
  from space 3072K, 0% used [0x00000000eb480000,0x00000000eb480000,0x00000000eb780000)
  to   space 3072K, 0% used [0x00000000eb800000,0x00000000eb800000,0x00000000ebb00000)
 ParOldGen       total 276992K, used 230099K [0x00000000c0000000, 0x00000000d0e80000, 0x00000000eab00000)
  object space 276992K, 83% used [0x00000000c0000000,0x00000000ce0b4e30,0x00000000d0e80000)
 Metaspace       used 69267K, committed 70592K, reserved 1114112K
  class space    used 7229K, committed 7808K, reserved 1048576K
}
Event: 10.503 GC heap before
{Heap before GC invocations=140 (full 9):
 PSYoungGen      total 12800K, used 9728K [0x00000000eab00000, 0x00000000ebb00000, 0x0000000100000000)
  eden space 9728K, 100% used [0x00000000eab00000,0x00000000eb480000,0x00000000eb480000)
  from space 3072K, 0% used [0x00000000eb480000,0x00000000eb480000,0x00000000eb780000)
  to   space 3072K, 0% used [0x00000000eb800000,0x00000000eb800000,0x00000000ebb00000)
 ParOldGen       total 276992K, used 230528K [0x00000000c0000000, 0x00000000d0e80000, 0x00000000eab00000)
  object space 276992K, 83% used [0x00000000c0000000,0x00000000ce120018,0x00000000d0e80000)
 Metaspace       used 69272K, committed 70592K, reserved 1114112K
  class space    used 7229K, committed 7808K, reserved 1048576K
}
Event: 10.507 GC heap after
{Heap after GC invocations=140 (full 9):
 PSYoungGen      total 12800K, used 2439K [0x00000000eab00000, 0x00000000eba80000, 0x0000000100000000)
  eden space 10240K, 0% used [0x00000000eab00000,0x00000000eab00000,0x00000000eb500000)
  from space 2560K, 95% used [0x00000000eb800000,0x00000000eba61fe8,0x00000000eba80000)
  to   space 2560K, 0% used [0x00000000eb580000,0x00000000eb580000,0x00000000eb800000)
 ParOldGen       total 276992K, used 230528K [0x00000000c0000000, 0x00000000d0e80000, 0x00000000eab00000)
  object space 276992K, 83% used [0x00000000c0000000,0x00000000ce120018,0x00000000d0e80000)
 Metaspace       used 69272K, committed 70592K, reserved 1114112K
  class space    used 7229K, committed 7808K, reserved 1048576K
}
Event: 10.526 GC heap before
{Heap before GC invocations=141 (full 9):
 PSYoungGen      total 12800K, used 12679K [0x00000000eab00000, 0x00000000eba80000, 0x0000000100000000)
  eden space 10240K, 100% used [0x00000000eab00000,0x00000000eb500000,0x00000000eb500000)
  from space 2560K, 95% used [0x00000000eb800000,0x00000000eba61fe8,0x00000000eba80000)
  to   space 2560K, 0% used [0x00000000eb580000,0x00000000eb580000,0x00000000eb800000)
 ParOldGen       total 276992K, used 230538K [0x00000000c0000000, 0x00000000d0e80000, 0x00000000eab00000)
  object space 276992K, 83% used [0x00000000c0000000,0x00000000ce122be8,0x00000000d0e80000)
 Metaspace       used 69272K, committed 70592K, reserved 1114112K
  class space    used 7229K, committed 7808K, reserved 1048576K
}
Event: 10.530 GC heap after
{Heap after GC invocations=141 (full 9):
 PSYoungGen      total 13312K, used 2547K [0x00000000eab00000, 0x00000000ebe00000, 0x0000000100000000)
  eden space 10752K, 0% used [0x00000000eab00000,0x00000000eab00000,0x00000000eb580000)
  from space 2560K, 99% used [0x00000000eb580000,0x00000000eb7fce90,0x00000000eb800000)
  to   space 4096K, 0% used [0x00000000eba00000,0x00000000eba00000,0x00000000ebe00000)
 ParOldGen       total 276992K, used 231783K [0x00000000c0000000, 0x00000000d0e80000, 0x00000000eab00000)
  object space 276992K, 83% used [0x00000000c0000000,0x00000000ce259e50,0x00000000d0e80000)
 Metaspace       used 69272K, committed 70592K, reserved 1114112K
  class space    used 7229K, committed 7808K, reserved 1048576K
}
Event: 10.563 GC heap before
{Heap before GC invocations=142 (full 9):
 PSYoungGen      total 13312K, used 13299K [0x00000000eab00000, 0x00000000ebe00000, 0x0000000100000000)
  eden space 10752K, 100% used [0x00000000eab00000,0x00000000eb580000,0x00000000eb580000)
  from space 2560K, 99% used [0x00000000eb580000,0x00000000eb7fce90,0x00000000eb800000)
  to   space 4096K, 0% used [0x00000000eba00000,0x00000000eba00000,0x00000000ebe00000)
 ParOldGen       total 276992K, used 231783K [0x00000000c0000000, 0x00000000d0e80000, 0x00000000eab00000)
  object space 276992K, 83% used [0x00000000c0000000,0x00000000ce259e50,0x00000000d0e80000)
 Metaspace       used 69272K, committed 70592K, reserved 1114112K
  class space    used 7229K, committed 7808K, reserved 1048576K
}
Event: 10.567 GC heap after
{Heap after GC invocations=142 (full 9):
 PSYoungGen      total 15872K, used 3432K [0x00000000eab00000, 0x00000000ebe00000, 0x0000000100000000)
  eden space 11776K, 0% used [0x00000000eab00000,0x00000000eab00000,0x00000000eb680000)
  from space 4096K, 83% used [0x00000000eba00000,0x00000000ebd5a170,0x00000000ebe00000)
  to   space 3584K, 0% used [0x00000000eb680000,0x00000000eb680000,0x00000000eba00000)
 ParOldGen       total 276992K, used 233271K [0x00000000c0000000, 0x00000000d0e80000, 0x00000000eab00000)
  object space 276992K, 84% used [0x00000000c0000000,0x00000000ce3cdd30,0x00000000d0e80000)
 Metaspace       used 69272K, committed 70592K, reserved 1114112K
  class space    used 7229K, committed 7808K, reserved 1048576K
}
Event: 10.589 GC heap before
{Heap before GC invocations=143 (full 9):
 PSYoungGen      total 15872K, used 15208K [0x00000000eab00000, 0x00000000ebe00000, 0x0000000100000000)
  eden space 11776K, 100% used [0x00000000eab00000,0x00000000eb680000,0x00000000eb680000)
  from space 4096K, 83% used [0x00000000eba00000,0x00000000ebd5a170,0x00000000ebe00000)
  to   space 3584K, 0% used [0x00000000eb680000,0x00000000eb680000,0x00000000eba00000)
 ParOldGen       total 276992K, used 233271K [0x00000000c0000000, 0x00000000d0e80000, 0x00000000eab00000)
  object space 276992K, 84% used [0x00000000c0000000,0x00000000ce3cdd30,0x00000000d0e80000)
 Metaspace       used 69273K, committed 70592K, reserved 1114112K
  class space    used 7229K, committed 7808K, reserved 1048576K
}
Event: 10.593 GC heap after
{Heap after GC invocations=143 (full 9):
 PSYoungGen      total 15360K, used 3577K [0x00000000eab00000, 0x00000000ec100000, 0x0000000100000000)
  eden space 11776K, 0% used [0x00000000eab00000,0x00000000eab00000,0x00000000eb680000)
  from space 3584K, 99% used [0x00000000eb680000,0x00000000eb9fe558,0x00000000eba00000)
  to   space 4608K, 0% used [0x00000000ebc80000,0x00000000ebc80000,0x00000000ec100000)
 ParOldGen       total 276992K, used 233743K [0x00000000c0000000, 0x00000000d0e80000, 0x00000000eab00000)
  object space 276992K, 84% used [0x00000000c0000000,0x00000000ce443e28,0x00000000d0e80000)
 Metaspace       used 69273K, committed 70592K, reserved 1114112K
  class space    used 7229K, committed 7808K, reserved 1048576K
}
Event: 10.615 GC heap before
{Heap before GC invocations=144 (full 9):
 PSYoungGen      total 15360K, used 15353K [0x00000000eab00000, 0x00000000ec100000, 0x0000000100000000)
  eden space 11776K, 100% used [0x00000000eab00000,0x00000000eb680000,0x00000000eb680000)
  from space 3584K, 99% used [0x00000000eb680000,0x00000000eb9fe558,0x00000000eba00000)
  to   space 4608K, 0% used [0x00000000ebc80000,0x00000000ebc80000,0x00000000ec100000)
 ParOldGen       total 276992K, used 233743K [0x00000000c0000000, 0x00000000d0e80000, 0x00000000eab00000)
  object space 276992K, 84% used [0x00000000c0000000,0x00000000ce443e28,0x00000000d0e80000)
 Metaspace       used 69275K, committed 70592K, reserved 1114112K
  class space    used 7229K, committed 7808K, reserved 1048576K
}
Event: 10.620 GC heap after
{Heap after GC invocations=144 (full 9):
 PSYoungGen      total 16384K, used 2884K [0x00000000eab00000, 0x00000000ebf80000, 0x0000000100000000)
  eden space 13312K, 0% used [0x00000000eab00000,0x00000000eab00000,0x00000000eb800000)
  from space 3072K, 93% used [0x00000000ebc80000,0x00000000ebf51098,0x00000000ebf80000)
  to   space 3584K, 0% used [0x00000000eb880000,0x00000000eb880000,0x00000000ebc00000)
 ParOldGen       total 276992K, used 235672K [0x00000000c0000000, 0x00000000d0e80000, 0x00000000eab00000)
  object space 276992K, 85% used [0x00000000c0000000,0x00000000ce6261d0,0x00000000d0e80000)
 Metaspace       used 69275K, committed 70592K, reserved 1114112K
  class space    used 7229K, committed 7808K, reserved 1048576K
}
Event: 10.657 GC heap before
{Heap before GC invocations=145 (full 9):
 PSYoungGen      total 16384K, used 16196K [0x00000000eab00000, 0x00000000ebf80000, 0x0000000100000000)
  eden space 13312K, 100% used [0x00000000eab00000,0x00000000eb800000,0x00000000eb800000)
  from space 3072K, 93% used [0x00000000ebc80000,0x00000000ebf51098,0x00000000ebf80000)
  to   space 3584K, 0% used [0x00000000eb880000,0x00000000eb880000,0x00000000ebc00000)
 ParOldGen       total 276992K, used 235672K [0x00000000c0000000, 0x00000000d0e80000, 0x00000000eab00000)
  object space 276992K, 85% used [0x00000000c0000000,0x00000000ce6261d0,0x00000000d0e80000)
 Metaspace       used 69275K, committed 70592K, reserved 1114112K
  class space    used 7229K, committed 7808K, reserved 1048576K
}
Event: 10.663 GC heap after
{Heap after GC invocations=145 (full 9):
 PSYoungGen      total 16896K, used 3581K [0x00000000eab00000, 0x00000000ebf80000, 0x0000000100000000)
  eden space 13312K, 0% used [0x00000000eab00000,0x00000000eab00000,0x00000000eb800000)
  from space 3584K, 99% used [0x00000000eb880000,0x00000000ebbff4f0,0x00000000ebc00000)
  to   space 3072K, 0% used [0x00000000ebc80000,0x00000000ebc80000,0x00000000ebf80000)
 ParOldGen       total 276992K, used 237119K [0x00000000c0000000, 0x00000000d0e80000, 0x00000000eab00000)
  object space 276992K, 85% used [0x00000000c0000000,0x00000000ce78fe78,0x00000000d0e80000)
 Metaspace       used 69275K, committed 70592K, reserved 1114112K
  class space    used 7229K, committed 7808K, reserved 1048576K
}

