# JRE version: OpenJDK Runtime Environment Temurin-17.0.13+11 (17.0.13+11) (build 17.0.13+11)
# Java VM: OpenJDK 64-Bit Server VM Temurin-17.0.13+11 (17.0.13+11, mixed mode, tiered, compressed oops, compressed class ptrs, parallel gc, windows-amd64)
GC Precious Log:
 CPUs: 8 total, 8 available
 Memory: 7914M
 Large Page Support: Disabled
 NUMA Support: Disabled
 Compressed Oops: Enabled (32-bit)
 Alignments: Space 512K, Generation 512K, Heap 2M
 Heap Min Capacity: 100M
 Heap Initial Capacity: 100M
 Heap Max Capacity: 1G
 Pre-touch: Disabled
 Parallel Workers: 8
Heap:
 PSYoungGen      total 45056K, used 45047K [0x00000000eab00000, 0x00000000ee600000, 0x0000000100000000)
  eden space 31232K, 100% used [0x00000000eab00000,0x00000000ec980000,0x00000000ec980000)
  from space 13824K, 99% used [0x00000000ecb00000,0x00000000ed87dfa0,0x00000000ed880000)
  to   space 13312K, 0% used [0x00000000ed900000,0x00000000ed900000,0x00000000ee600000)
 ParOldGen       total 270848K, used 267520K [0x00000000c0000000, 0x00000000d0880000, 0x00000000eab00000)
  object space 270848K, 98% used [0x00000000c0000000,0x00000000d05402b8,0x00000000d0880000)
 Metaspace       used 72131K, committed 73280K, reserved 1179648K
  class space    used 7481K, committed 8000K, reserved 1048576K
GC Heap History (20 events):
Event: 747.756 GC heap after
{Heap after GC invocations=7771 (full 7681):
 PSYoungGen      total 42496K, used 16056K [0x00000000eab00000, 0x00000000ee800000, 0x0000000100000000)
  eden space 26112K, 0% used [0x00000000eab00000,0x00000000eab00000,0x00000000ec480000)
  from space 16384K, 98% used [0x00000000ed800000,0x00000000ee7ae168,0x00000000ee800000)
  to   space 16896K, 0% used [0x00000000ec700000,0x00000000ec700000,0x00000000ed780000)
 ParOldGen       total 270848K, used 195764K [0x00000000c0000000, 0x00000000d0880000, 0x00000000eab00000)
  object space 270848K, 72% used [0x00000000c0000000,0x00000000cbf2d038,0x00000000d0880000)
 Metaspace       used 71782K, committed 73152K, reserved 1179648K
  class space    used 7453K, committed 8000K, reserved 1048576K
}
Event: 747.767 GC heap before
{Heap before GC invocations=7772 (full 7681):
 PSYoungGen      total 42496K, used 35101K [0x00000000eab00000, 0x00000000ee800000, 0x0000000100000000)
  eden space 26112K, 72% used [0x00000000eab00000,0x00000000ebd99488,0x00000000ec480000)
  from space 16384K, 98% used [0x00000000ed800000,0x00000000ee7ae168,0x00000000ee800000)
  to   space 16896K, 0% used [0x00000000ec700000,0x00000000ec700000,0x00000000ed780000)
 ParOldGen       total 270848K, used 195764K [0x00000000c0000000, 0x00000000d0880000, 0x00000000eab00000)
  object space 270848K, 72% used [0x00000000c0000000,0x00000000cbf2d038,0x00000000d0880000)
 Metaspace       used 71794K, committed 73216K, reserved 1179648K
  class space    used 7454K, committed 8000K, reserved 1048576K
}
Event: 747.774 GC heap after
{Heap after GC invocations=7772 (full 7681):
 PSYoungGen      total 44032K, used 16398K [0x00000000eab00000, 0x00000000ee680000, 0x0000000100000000)
  eden space 27136K, 0% used [0x00000000eab00000,0x00000000eab00000,0x00000000ec580000)
  from space 16896K, 97% used [0x00000000ec700000,0x00000000ed703af8,0x00000000ed780000)
  to   space 15360K, 0% used [0x00000000ed780000,0x00000000ed780000,0x00000000ee680000)
 ParOldGen       total 270848K, used 211084K [0x00000000c0000000, 0x00000000d0880000, 0x00000000eab00000)
  object space 270848K, 77% used [0x00000000c0000000,0x00000000cce23048,0x00000000d0880000)
 Metaspace       used 71794K, committed 73216K, reserved 1179648K
  class space    used 7454K, committed 8000K, reserved 1048576K
}
Event: 747.800 GC heap before
{Heap before GC invocations=7773 (full 7681):
 PSYoungGen      total 44032K, used 43534K [0x00000000eab00000, 0x00000000ee680000, 0x0000000100000000)
  eden space 27136K, 100% used [0x00000000eab00000,0x00000000ec580000,0x00000000ec580000)
  from space 16896K, 97% used [0x00000000ec700000,0x00000000ed703af8,0x00000000ed780000)
  to   space 15360K, 0% used [0x00000000ed780000,0x00000000ed780000,0x00000000ee680000)
 ParOldGen       total 270848K, used 211084K [0x00000000c0000000, 0x00000000d0880000, 0x00000000eab00000)
  object space 270848K, 77% used [0x00000000c0000000,0x00000000cce23048,0x00000000d0880000)
 Metaspace       used 71796K, committed 73216K, reserved 1179648K
  class space    used 7454K, committed 8000K, reserved 1048576K
}
Event: 747.805 GC heap after
{Heap after GC invocations=7773 (full 7681):
 PSYoungGen      total 40960K, used 12735K [0x00000000eab00000, 0x00000000ee400000, 0x0000000100000000)
  eden space 28160K, 0% used [0x00000000eab00000,0x00000000eab00000,0x00000000ec680000)
  from space 12800K, 99% used [0x00000000ed780000,0x00000000ee3efda8,0x00000000ee400000)
  to   space 14336K, 0% used [0x00000000ec800000,0x00000000ec800000,0x00000000ed600000)
 ParOldGen       total 270848K, used 211084K [0x00000000c0000000, 0x00000000d0880000, 0x00000000eab00000)
  object space 270848K, 77% used [0x00000000c0000000,0x00000000cce23048,0x00000000d0880000)
 Metaspace       used 71796K, committed 73216K, reserved 1179648K
  class space    used 7454K, committed 8000K, reserved 1048576K
}
Event: 747.819 GC heap before
{Heap before GC invocations=7774 (full 7681):
 PSYoungGen      total 40960K, used 40895K [0x00000000eab00000, 0x00000000ee400000, 0x0000000100000000)
  eden space 28160K, 100% used [0x00000000eab00000,0x00000000ec680000,0x00000000ec680000)
  from space 12800K, 99% used [0x00000000ed780000,0x00000000ee3efda8,0x00000000ee400000)
  to   space 14336K, 0% used [0x00000000ec800000,0x00000000ec800000,0x00000000ed600000)
 ParOldGen       total 270848K, used 211084K [0x00000000c0000000, 0x00000000d0880000, 0x00000000eab00000)
  object space 270848K, 77% used [0x00000000c0000000,0x00000000cce23048,0x00000000d0880000)
 Metaspace       used 71807K, committed 73216K, reserved 1179648K
  class space    used 7455K, committed 8000K, reserved 1048576K
}
Event: 747.824 GC heap after
{Heap after GC invocations=7774 (full 7681):
 PSYoungGen      total 43520K, used 14309K [0x00000000eab00000, 0x00000000ee680000, 0x0000000100000000)
  eden space 29184K, 0% used [0x00000000eab00000,0x00000000eab00000,0x00000000ec780000)
  from space 14336K, 99% used [0x00000000ec800000,0x00000000ed5f9690,0x00000000ed600000)
  to   space 15872K, 0% used [0x00000000ed700000,0x00000000ed700000,0x00000000ee680000)
 ParOldGen       total 270848K, used 211900K [0x00000000c0000000, 0x00000000d0880000, 0x00000000eab00000)
  object space 270848K, 78% used [0x00000000c0000000,0x00000000cceef0a8,0x00000000d0880000)
 Metaspace       used 71807K, committed 73216K, reserved 1179648K
  class space    used 7455K, committed 8000K, reserved 1048576K
}
Event: 747.843 GC heap before
{Heap before GC invocations=7775 (full 7681):
 PSYoungGen      total 43520K, used 43493K [0x00000000eab00000, 0x00000000ee680000, 0x0000000100000000)
  eden space 29184K, 100% used [0x00000000eab00000,0x00000000ec780000,0x00000000ec780000)
  from space 14336K, 99% used [0x00000000ec800000,0x00000000ed5f9690,0x00000000ed600000)
  to   space 15872K, 0% used [0x00000000ed700000,0x00000000ed700000,0x00000000ee680000)
 ParOldGen       total 270848K, used 211900K [0x00000000c0000000, 0x00000000d0880000, 0x00000000eab00000)
  object space 270848K, 78% used [0x00000000c0000000,0x00000000cceef0a8,0x00000000d0880000)
 Metaspace       used 71821K, committed 73216K, reserved 1179648K
  class space    used 7455K, committed 8000K, reserved 1048576K
}
Event: 747.850 GC heap after
{Heap after GC invocations=7775 (full 7681):
 PSYoungGen      total 45056K, used 15844K [0x00000000eab00000, 0x00000000ee680000, 0x0000000100000000)
  eden space 29184K, 0% used [0x00000000eab00000,0x00000000eab00000,0x00000000ec780000)
  from space 15872K, 99% used [0x00000000ed700000,0x00000000ee6793e8,0x00000000ee680000)
  to   space 14336K, 0% used [0x00000000ec800000,0x00000000ec800000,0x00000000ed600000)
 ParOldGen       total 270848K, used 216876K [0x00000000c0000000, 0x00000000d0880000, 0x00000000eab00000)
  object space 270848K, 80% used [0x00000000c0000000,0x00000000cd3cb3c0,0x00000000d0880000)
 Metaspace       used 71821K, committed 73216K, reserved 1179648K
  class space    used 7455K, committed 8000K, reserved 1048576K
}
Event: 747.878 GC heap before
{Heap before GC invocations=7776 (full 7681):
 PSYoungGen      total 45056K, used 45028K [0x00000000eab00000, 0x00000000ee680000, 0x0000000100000000)
  eden space 29184K, 100% used [0x00000000eab00000,0x00000000ec780000,0x00000000ec780000)
  from space 15872K, 99% used [0x00000000ed700000,0x00000000ee6793e8,0x00000000ee680000)
  to   space 14336K, 0% used [0x00000000ec800000,0x00000000ec800000,0x00000000ed600000)
 ParOldGen       total 270848K, used 216876K [0x00000000c0000000, 0x00000000d0880000, 0x00000000eab00000)
  object space 270848K, 80% used [0x00000000c0000000,0x00000000cd3cb3c0,0x00000000d0880000)
 Metaspace       used 71884K, committed 73216K, reserved 1179648K
  class space    used 7458K, committed 8000K, reserved 1048576K
}
Event: 747.886 GC heap after
{Heap after GC invocations=7776 (full 7681):
 PSYoungGen      total 36352K, used 6176K [0x00000000eab00000, 0x00000000ee000000, 0x0000000100000000)
  eden space 29696K, 0% used [0x00000000eab00000,0x00000000eab00000,0x00000000ec800000)
  from space 6656K, 92% used [0x00000000ec800000,0x00000000ece08020,0x00000000ece80000)
  to   space 11776K, 0% used [0x00000000ed480000,0x00000000ed480000,0x00000000ee000000)
 ParOldGen       total 270848K, used 230399K [0x00000000c0000000, 0x00000000d0880000, 0x00000000eab00000)
  object space 270848K, 85% used [0x00000000c0000000,0x00000000ce0ffce8,0x00000000d0880000)
 Metaspace       used 71884K, committed 73216K, reserved 1179648K
  class space    used 7458K, committed 8000K, reserved 1048576K
}
Event: 747.911 GC heap before
{Heap before GC invocations=7777 (full 7681):
 PSYoungGen      total 36352K, used 35872K [0x00000000eab00000, 0x00000000ee000000, 0x0000000100000000)
  eden space 29696K, 100% used [0x00000000eab00000,0x00000000ec800000,0x00000000ec800000)
  from space 6656K, 92% used [0x00000000ec800000,0x00000000ece08020,0x00000000ece80000)
  to   space 11776K, 0% used [0x00000000ed480000,0x00000000ed480000,0x00000000ee000000)
 ParOldGen       total 270848K, used 230399K [0x00000000c0000000, 0x00000000d0880000, 0x00000000eab00000)
  object space 270848K, 85% used [0x00000000c0000000,0x00000000ce0ffce8,0x00000000d0880000)
 Metaspace       used 71908K, committed 73216K, reserved 1179648K
  class space    used 7461K, committed 8000K, reserved 1048576K
}
Event: 747.919 GC heap after
{Heap after GC invocations=7777 (full 7681):
 PSYoungGen      total 41472K, used 11342K [0x00000000eab00000, 0x00000000ee280000, 0x0000000100000000)
  eden space 29696K, 0% used [0x00000000eab00000,0x00000000eab00000,0x00000000ec800000)
  from space 11776K, 96% used [0x00000000ed480000,0x00000000edf93b68,0x00000000ee000000)
  to   space 12800K, 0% used [0x00000000ec800000,0x00000000ec800000,0x00000000ed480000)
 ParOldGen       total 270848K, used 230399K [0x00000000c0000000, 0x00000000d0880000, 0x00000000eab00000)
  object space 270848K, 85% used [0x00000000c0000000,0x00000000ce0ffce8,0x00000000d0880000)
 Metaspace       used 71908K, committed 73216K, reserved 1179648K
  class space    used 7461K, committed 8000K, reserved 1048576K
}
Event: 747.936 GC heap before
{Heap before GC invocations=7778 (full 7681):
 PSYoungGen      total 41472K, used 41038K [0x00000000eab00000, 0x00000000ee280000, 0x0000000100000000)
  eden space 29696K, 100% used [0x00000000eab00000,0x00000000ec800000,0x00000000ec800000)
  from space 11776K, 96% used [0x00000000ed480000,0x00000000edf93b68,0x00000000ee000000)
  to   space 12800K, 0% used [0x00000000ec800000,0x00000000ec800000,0x00000000ed480000)
 ParOldGen       total 270848K, used 230399K [0x00000000c0000000, 0x00000000d0880000, 0x00000000eab00000)
  object space 270848K, 85% used [0x00000000c0000000,0x00000000ce0ffce8,0x00000000d0880000)
 Metaspace       used 71945K, committed 73216K, reserved 1179648K
  class space    used 7465K, committed 8000K, reserved 1048576K
}
Event: 747.944 GC heap after
{Heap after GC invocations=7778 (full 7681):
 PSYoungGen      total 42496K, used 12797K [0x00000000eab00000, 0x00000000ee880000, 0x0000000100000000)
  eden space 29696K, 0% used [0x00000000eab00000,0x00000000eab00000,0x00000000ec800000)
  from space 12800K, 99% used [0x00000000ec800000,0x00000000ed47f790,0x00000000ed480000)
  to   space 15872K, 0% used [0x00000000ed900000,0x00000000ed900000,0x00000000ee880000)
 ParOldGen       total 270848K, used 232375K [0x00000000c0000000, 0x00000000d0880000, 0x00000000eab00000)
  object space 270848K, 85% used [0x00000000c0000000,0x00000000ce2edce8,0x00000000d0880000)
 Metaspace       used 71945K, committed 73216K, reserved 1179648K
  class space    used 7465K, committed 8000K, reserved 1048576K
}
Event: 747.969 GC heap before
{Heap before GC invocations=7779 (full 7681):
 PSYoungGen      total 42496K, used 42493K [0x00000000eab00000, 0x00000000ee880000, 0x0000000100000000)
  eden space 29696K, 100% used [0x00000000eab00000,0x00000000ec800000,0x00000000ec800000)
  from space 12800K, 99% used [0x00000000ec800000,0x00000000ed47f790,0x00000000ed480000)
  to   space 15872K, 0% used [0x00000000ed900000,0x00000000ed900000,0x00000000ee880000)
 ParOldGen       total 270848K, used 232375K [0x00000000c0000000, 0x00000000d0880000, 0x00000000eab00000)
  object space 270848K, 85% used [0x00000000c0000000,0x00000000ce2edce8,0x00000000d0880000)
 Metaspace       used 71981K, committed 73216K, reserved 1179648K
  class space    used 7470K, committed 8000K, reserved 1048576K
}
Event: 747.979 GC heap after
{Heap after GC invocations=7779 (full 7681):
 PSYoungGen      total 44544K, used 12893K [0x00000000eab00000, 0x00000000ee600000, 0x0000000100000000)
  eden space 31232K, 0% used [0x00000000eab00000,0x00000000eab00000,0x00000000ec980000)
  from space 13312K, 96% used [0x00000000ed900000,0x00000000ee597780,0x00000000ee600000)
  to   space 13824K, 0% used [0x00000000ecb00000,0x00000000ecb00000,0x00000000ed880000)
 ParOldGen       total 270848K, used 238324K [0x00000000c0000000, 0x00000000d0880000, 0x00000000eab00000)
  object space 270848K, 87% used [0x00000000c0000000,0x00000000ce8bd170,0x00000000d0880000)
 Metaspace       used 71981K, committed 73216K, reserved 1179648K
  class space    used 7470K, committed 8000K, reserved 1048576K
}
Event: 748.006 GC heap before
{Heap before GC invocations=7780 (full 7681):
 PSYoungGen      total 44544K, used 44125K [0x00000000eab00000, 0x00000000ee600000, 0x0000000100000000)
  eden space 31232K, 100% used [0x00000000eab00000,0x00000000ec980000,0x00000000ec980000)
  from space 13312K, 96% used [0x00000000ed900000,0x00000000ee597780,0x00000000ee600000)
  to   space 13824K, 0% used [0x00000000ecb00000,0x00000000ecb00000,0x00000000ed880000)
 ParOldGen       total 270848K, used 238324K [0x00000000c0000000, 0x00000000d0880000, 0x00000000eab00000)
  object space 270848K, 87% used [0x00000000c0000000,0x00000000ce8bd170,0x00000000d0880000)
 Metaspace       used 72063K, committed 73280K, reserved 1179648K
  class space    used 7478K, committed 8000K, reserved 1048576K
}
Event: 748.015 GC heap after
{Heap after GC invocations=7780 (full 7681):
 PSYoungGen      total 45056K, used 13822K [0x00000000eab00000, 0x00000000ee600000, 0x0000000100000000)
  eden space 31232K, 0% used [0x00000000eab00000,0x00000000eab00000,0x00000000ec980000)
  from space 13824K, 99% used [0x00000000ecb00000,0x00000000ed87fae0,0x00000000ed880000)
  to   space 13312K, 0% used [0x00000000ed900000,0x00000000ed900000,0x00000000ee600000)
 ParOldGen       total 270848K, used 241292K [0x00000000c0000000, 0x00000000d0880000, 0x00000000eab00000)
  object space 270848K, 89% used [0x00000000c0000000,0x00000000ceba3170,0x00000000d0880000)
 Metaspace       used 72063K, committed 73280K, reserved 1179648K
  class space    used 7478K, committed 8000K, reserved 1048576K
}
Event: 748.044 GC heap before
{Heap before GC invocations=7781 (full 7681):
 PSYoungGen      total 45056K, used 41607K [0x00000000eab00000, 0x00000000ee600000, 0x0000000100000000)
  eden space 31232K, 88% used [0x00000000eab00000,0x00000000ec6223a0,0x00000000ec980000)
  from space 13824K, 99% used [0x00000000ecb00000,0x00000000ed87fae0,0x00000000ed880000)
  to   space 13312K, 0% used [0x00000000ed900000,0x00000000ed900000,0x00000000ee600000)
 ParOldGen       total 270848K, used 241292K [0x00000000c0000000, 0x00000000d0880000, 0x00000000eab00000)
  object space 270848K, 89% used [0x00000000c0000000,0x00000000ceba3170,0x00000000d0880000)
 Metaspace       used 72101K, committed 73280K, reserved 1179648K
  class space    used 7481K, committed 8000K, reserved 1048576K
}

