# JRE version: OpenJDK Runtime Environment Temurin-17.0.13+11 (17.0.13+11) (build 17.0.13+11)
# Java VM: OpenJDK 64-Bit Server VM Temurin-17.0.13+11 (17.0.13+11, mixed mode, tiered, compressed oops, compressed class ptrs, parallel gc, windows-amd64)
GC Precious Log:
 CPUs: 8 total, 8 available
 Memory: 7914M
 Large Page Support: Disabled
 NUMA Support: Disabled
 Compressed Oops: Enabled (32-bit)
 Alignments: Space 512K, Generation 512K, Heap 2M
 Heap Min Capacity: 100M
 Heap Initial Capacity: 100M
 Heap Max Capacity: 1G
 Pre-touch: Disabled
 Parallel Workers: 8
Heap:
 PSYoungGen      total 48640K, used 24608K [0x00000000eab00000, 0x00000000ef300000, 0x0000000100000000)
  eden space 46080K, 47% used [0x00000000eab00000,0x00000000ec088ea0,0x00000000ed800000)
  from space 2560K, 99% used [0x00000000ef080000,0x00000000ef2ff2b8,0x00000000ef300000)
  to   space 7168K, 0% used [0x00000000ee500000,0x00000000ee500000,0x00000000eec00000)
 ParOldGen       total 256512K, used 168593K [0x00000000c0000000, 0x00000000cfa80000, 0x00000000eab00000)
  object space 256512K, 65% used [0x00000000c0000000,0x00000000ca4a4600,0x00000000cfa80000)
 Metaspace       used 69078K, committed 70400K, reserved 1114112K
  class space    used 7209K, committed 7808K, reserved 1048576K
GC Heap History (20 events):
Event: 10.372 GC heap before
{Heap before GC invocations=139 (full 8):
 PSYoungGen      total 40960K, used 40888K [0x00000000eab00000, 0x00000000ee400000, 0x0000000100000000)
  eden space 34304K, 100% used [0x00000000eab00000,0x00000000ecc80000,0x00000000ecc80000)
  from space 6656K, 98% used [0x00000000edd80000,0x00000000ee3ee2d0,0x00000000ee400000)
  to   space 10240K, 0% used [0x00000000ed000000,0x00000000ed000000,0x00000000eda00000)
 ParOldGen       total 302080K, used 236567K [0x00000000c0000000, 0x00000000d2700000, 0x00000000eab00000)
  object space 302080K, 78% used [0x00000000c0000000,0x00000000ce705e90,0x00000000d2700000)
 Metaspace       used 68244K, committed 69568K, reserved 1114112K
  class space    used 7134K, committed 7744K, reserved 1048576K
}
Event: 10.383 GC heap after
{Heap after GC invocations=139 (full 8):
 PSYoungGen      total 47616K, used 10236K [0x00000000eab00000, 0x00000000ef280000, 0x0000000100000000)
  eden space 37376K, 0% used [0x00000000eab00000,0x00000000eab00000,0x00000000ecf80000)
  from space 10240K, 99% used [0x00000000ed000000,0x00000000ed9ff1d0,0x00000000eda00000)
  to   space 17920K, 0% used [0x00000000ee100000,0x00000000ee100000,0x00000000ef280000)
 ParOldGen       total 302080K, used 242111K [0x00000000c0000000, 0x00000000d2700000, 0x00000000eab00000)
  object space 302080K, 80% used [0x00000000c0000000,0x00000000cec6fe10,0x00000000d2700000)
 Metaspace       used 68244K, committed 69568K, reserved 1114112K
  class space    used 7134K, committed 7744K, reserved 1048576K
}
Event: 10.457 GC heap before
{Heap before GC invocations=140 (full 8):
 PSYoungGen      total 47616K, used 47612K [0x00000000eab00000, 0x00000000ef280000, 0x0000000100000000)
  eden space 37376K, 100% used [0x00000000eab00000,0x00000000ecf80000,0x00000000ecf80000)
  from space 10240K, 99% used [0x00000000ed000000,0x00000000ed9ff1d0,0x00000000eda00000)
  to   space 17920K, 0% used [0x00000000ee100000,0x00000000ee100000,0x00000000ef280000)
 ParOldGen       total 302080K, used 242111K [0x00000000c0000000, 0x00000000d2700000, 0x00000000eab00000)
  object space 302080K, 80% used [0x00000000c0000000,0x00000000cec6fe10,0x00000000d2700000)
 Metaspace       used 68244K, committed 69568K, reserved 1114112K
  class space    used 7134K, committed 7744K, reserved 1048576K
}
Event: 10.474 GC heap after
{Heap after GC invocations=140 (full 8):
 PSYoungGen      total 55296K, used 12884K [0x00000000eab00000, 0x00000000eef00000, 0x0000000100000000)
  eden space 40960K, 0% used [0x00000000eab00000,0x00000000eab00000,0x00000000ed300000)
  from space 14336K, 89% used [0x00000000ee100000,0x00000000eed952a0,0x00000000eef00000)
  to   space 14336K, 0% used [0x00000000ed300000,0x00000000ed300000,0x00000000ee100000)
 ParOldGen       total 302080K, used 252025K [0x00000000c0000000, 0x00000000d2700000, 0x00000000eab00000)
  object space 302080K, 83% used [0x00000000c0000000,0x00000000cf61e758,0x00000000d2700000)
 Metaspace       used 68244K, committed 69568K, reserved 1114112K
  class space    used 7134K, committed 7744K, reserved 1048576K
}
Event: 10.684 GC heap before
{Heap before GC invocations=141 (full 8):
 PSYoungGen      total 55296K, used 53844K [0x00000000eab00000, 0x00000000eef00000, 0x0000000100000000)
  eden space 40960K, 100% used [0x00000000eab00000,0x00000000ed300000,0x00000000ed300000)
  from space 14336K, 89% used [0x00000000ee100000,0x00000000eed952a0,0x00000000eef00000)
  to   space 14336K, 0% used [0x00000000ed300000,0x00000000ed300000,0x00000000ee100000)
 ParOldGen       total 302080K, used 252025K [0x00000000c0000000, 0x00000000d2700000, 0x00000000eab00000)
  object space 302080K, 83% used [0x00000000c0000000,0x00000000cf61e758,0x00000000d2700000)
 Metaspace       used 68257K, committed 69568K, reserved 1114112K
  class space    used 7134K, committed 7744K, reserved 1048576K
}
Event: 10.695 GC heap after
{Heap after GC invocations=141 (full 8):
 PSYoungGen      total 55296K, used 14332K [0x00000000eab00000, 0x00000000f1380000, 0x0000000100000000)
  eden space 40960K, 0% used [0x00000000eab00000,0x00000000eab00000,0x00000000ed300000)
  from space 14336K, 99% used [0x00000000ed300000,0x00000000ee0ff178,0x00000000ee100000)
  to   space 31232K, 0% used [0x00000000ef500000,0x00000000ef500000,0x00000000f1380000)
 ParOldGen       total 302080K, used 266167K [0x00000000c0000000, 0x00000000d2700000, 0x00000000eab00000)
  object space 302080K, 88% used [0x00000000c0000000,0x00000000d03eded8,0x00000000d2700000)
 Metaspace       used 68257K, committed 69568K, reserved 1114112K
  class space    used 7134K, committed 7744K, reserved 1048576K
}
Event: 11.363 GC heap before
{Heap before GC invocations=142 (full 8):
 PSYoungGen      total 55296K, used 55292K [0x00000000eab00000, 0x00000000f1380000, 0x0000000100000000)
  eden space 40960K, 100% used [0x00000000eab00000,0x00000000ed300000,0x00000000ed300000)
  from space 14336K, 99% used [0x00000000ed300000,0x00000000ee0ff178,0x00000000ee100000)
  to   space 31232K, 0% used [0x00000000ef500000,0x00000000ef500000,0x00000000f1380000)
 ParOldGen       total 302080K, used 266167K [0x00000000c0000000, 0x00000000d2700000, 0x00000000eab00000)
  object space 302080K, 88% used [0x00000000c0000000,0x00000000d03eded8,0x00000000d2700000)
 Metaspace       used 68313K, committed 69632K, reserved 1114112K
  class space    used 7135K, committed 7744K, reserved 1048576K
}
Event: 11.418 GC heap after
{Heap after GC invocations=142 (full 8):
 PSYoungGen      total 73728K, used 28855K [0x00000000eab00000, 0x00000000f1180000, 0x0000000100000000)
  eden space 44544K, 0% used [0x00000000eab00000,0x00000000eab00000,0x00000000ed680000)
  from space 29184K, 98% used [0x00000000ef500000,0x00000000f112df48,0x00000000f1180000)
  to   space 29696K, 0% used [0x00000000ed780000,0x00000000ed780000,0x00000000ef480000)
 ParOldGen       total 302080K, used 280318K [0x00000000c0000000, 0x00000000d2700000, 0x00000000eab00000)
  object space 302080K, 92% used [0x00000000c0000000,0x00000000d11bf978,0x00000000d2700000)
 Metaspace       used 68313K, committed 69632K, reserved 1114112K
  class space    used 7135K, committed 7744K, reserved 1048576K
}
Event: 12.688 GC heap before
{Heap before GC invocations=143 (full 8):
 PSYoungGen      total 73728K, used 73399K [0x00000000eab00000, 0x00000000f1180000, 0x0000000100000000)
  eden space 44544K, 100% used [0x00000000eab00000,0x00000000ed680000,0x00000000ed680000)
  from space 29184K, 98% used [0x00000000ef500000,0x00000000f112df48,0x00000000f1180000)
  to   space 29696K, 0% used [0x00000000ed780000,0x00000000ed780000,0x00000000ef480000)
 ParOldGen       total 302080K, used 280318K [0x00000000c0000000, 0x00000000d2700000, 0x00000000eab00000)
  object space 302080K, 92% used [0x00000000c0000000,0x00000000d11bf978,0x00000000d2700000)
 Metaspace       used 68360K, committed 69632K, reserved 1114112K
  class space    used 7138K, committed 7744K, reserved 1048576K
}
Event: 12.727 GC heap after
{Heap after GC invocations=143 (full 8):
 PSYoungGen      total 75264K, used 29664K [0x00000000eab00000, 0x00000000f2a00000, 0x0000000100000000)
  eden space 45568K, 0% used [0x00000000eab00000,0x00000000eab00000,0x00000000ed780000)
  from space 29696K, 99% used [0x00000000ed780000,0x00000000ef4782c0,0x00000000ef480000)
  to   space 40960K, 0% used [0x00000000f0200000,0x00000000f0200000,0x00000000f2a00000)
 ParOldGen       total 302080K, used 289610K [0x00000000c0000000, 0x00000000d2700000, 0x00000000eab00000)
  object space 302080K, 95% used [0x00000000c0000000,0x00000000d1ad29c8,0x00000000d2700000)
 Metaspace       used 68360K, committed 69632K, reserved 1114112K
  class space    used 7138K, committed 7744K, reserved 1048576K
}
Event: 13.001 GC heap before
{Heap before GC invocations=144 (full 8):
 PSYoungGen      total 75264K, used 75232K [0x00000000eab00000, 0x00000000f2a00000, 0x0000000100000000)
  eden space 45568K, 100% used [0x00000000eab00000,0x00000000ed780000,0x00000000ed780000)
  from space 29696K, 99% used [0x00000000ed780000,0x00000000ef4782c0,0x00000000ef480000)
  to   space 40960K, 0% used [0x00000000f0200000,0x00000000f0200000,0x00000000f2a00000)
 ParOldGen       total 302080K, used 289610K [0x00000000c0000000, 0x00000000d2700000, 0x00000000eab00000)
  object space 302080K, 95% used [0x00000000c0000000,0x00000000d1ad29c8,0x00000000d2700000)
 Metaspace       used 68362K, committed 69696K, reserved 1114112K
  class space    used 7138K, committed 7744K, reserved 1048576K
}
Event: 13.024 GC heap after
{Heap after GC invocations=144 (full 8):
 PSYoungGen      total 52224K, used 3044K [0x00000000eab00000, 0x00000000f0500000, 0x0000000100000000)
  eden space 49152K, 0% used [0x00000000eab00000,0x00000000eab00000,0x00000000edb00000)
  from space 3072K, 99% used [0x00000000f0200000,0x00000000f04f9040,0x00000000f0500000)
  to   space 16384K, 0% used [0x00000000ee500000,0x00000000ee500000,0x00000000ef500000)
 ParOldGen       total 316928K, used 316585K [0x00000000c0000000, 0x00000000d3580000, 0x00000000eab00000)
  object space 316928K, 99% used [0x00000000c0000000,0x00000000d352a5a8,0x00000000d3580000)
 Metaspace       used 68362K, committed 69696K, reserved 1114112K
  class space    used 7138K, committed 7744K, reserved 1048576K
}
Event: 13.507 GC heap before
{Heap before GC invocations=145 (full 9):
 PSYoungGen      total 52224K, used 52196K [0x00000000eab00000, 0x00000000f0500000, 0x0000000100000000)
  eden space 49152K, 100% used [0x00000000eab00000,0x00000000edb00000,0x00000000edb00000)
  from space 3072K, 99% used [0x00000000f0200000,0x00000000f04f9040,0x00000000f0500000)
  to   space 16384K, 0% used [0x00000000ee500000,0x00000000ee500000,0x00000000ef500000)
 ParOldGen       total 316928K, used 316585K [0x00000000c0000000, 0x00000000d3580000, 0x00000000eab00000)
  object space 316928K, 99% used [0x00000000c0000000,0x00000000d352a5a8,0x00000000d3580000)
 Metaspace       used 68370K, committed 69696K, reserved 1114112K
  class space    used 7138K, committed 7744K, reserved 1048576K
}
Event: 13.708 GC heap after
{Heap after GC invocations=145 (full 9):
 PSYoungGen      total 48640K, used 0K [0x00000000eab00000, 0x00000000f0280000, 0x0000000100000000)
  eden space 48128K, 0% used [0x00000000eab00000,0x00000000eab00000,0x00000000eda00000)
  from space 512K, 0% used [0x00000000ee500000,0x00000000ee500000,0x00000000ee580000)
  to   space 16384K, 0% used [0x00000000ef280000,0x00000000ef280000,0x00000000f0280000)
 ParOldGen       total 256512K, used 164933K [0x00000000c0000000, 0x00000000cfa80000, 0x00000000eab00000)
  object space 256512K, 64% used [0x00000000c0000000,0x00000000ca1115f8,0x00000000cfa80000)
 Metaspace       used 68370K, committed 69696K, reserved 1114112K
  class space    used 7138K, committed 7744K, reserved 1048576K
}
Event: 13.996 GC heap before
{Heap before GC invocations=146 (full 9):
 PSYoungGen      total 48640K, used 48128K [0x00000000eab00000, 0x00000000f0280000, 0x0000000100000000)
  eden space 48128K, 100% used [0x00000000eab00000,0x00000000eda00000,0x00000000eda00000)
  from space 512K, 0% used [0x00000000ee500000,0x00000000ee500000,0x00000000ee580000)
  to   space 16384K, 0% used [0x00000000ef280000,0x00000000ef280000,0x00000000f0280000)
 ParOldGen       total 256512K, used 164933K [0x00000000c0000000, 0x00000000cfa80000, 0x00000000eab00000)
  object space 256512K, 64% used [0x00000000c0000000,0x00000000ca1115f8,0x00000000cfa80000)
 Metaspace       used 68374K, committed 69696K, reserved 1114112K
  class space    used 7138K, committed 7744K, reserved 1048576K
}
Event: 14.000 GC heap after
{Heap after GC invocations=146 (full 9):
 PSYoungGen      total 49152K, used 1660K [0x00000000eab00000, 0x00000000ef480000, 0x0000000100000000)
  eden space 47104K, 0% used [0x00000000eab00000,0x00000000eab00000,0x00000000ed900000)
  from space 2048K, 81% used [0x00000000ef280000,0x00000000ef41f3e0,0x00000000ef480000)
  to   space 4608K, 0% used [0x00000000eeb80000,0x00000000eeb80000,0x00000000ef000000)
 ParOldGen       total 256512K, used 164941K [0x00000000c0000000, 0x00000000cfa80000, 0x00000000eab00000)
  object space 256512K, 64% used [0x00000000c0000000,0x00000000ca1135f8,0x00000000cfa80000)
 Metaspace       used 68374K, committed 69696K, reserved 1114112K
  class space    used 7138K, committed 7744K, reserved 1048576K
}
Event: 14.287 GC heap before
{Heap before GC invocations=147 (full 9):
 PSYoungGen      total 49152K, used 48764K [0x00000000eab00000, 0x00000000ef480000, 0x0000000100000000)
  eden space 47104K, 100% used [0x00000000eab00000,0x00000000ed900000,0x00000000ed900000)
  from space 2048K, 81% used [0x00000000ef280000,0x00000000ef41f3e0,0x00000000ef480000)
  to   space 4608K, 0% used [0x00000000eeb80000,0x00000000eeb80000,0x00000000ef000000)
 ParOldGen       total 256512K, used 164941K [0x00000000c0000000, 0x00000000cfa80000, 0x00000000eab00000)
  object space 256512K, 64% used [0x00000000c0000000,0x00000000ca1135f8,0x00000000cfa80000)
 Metaspace       used 68377K, committed 69696K, reserved 1114112K
  class space    used 7138K, committed 7744K, reserved 1048576K
}
Event: 14.289 GC heap after
{Heap after GC invocations=147 (full 9):
 PSYoungGen      total 51200K, used 2204K [0x00000000eab00000, 0x00000000ef300000, 0x0000000100000000)
  eden space 46592K, 0% used [0x00000000eab00000,0x00000000eab00000,0x00000000ed880000)
  from space 4608K, 47% used [0x00000000eeb80000,0x00000000eeda72b8,0x00000000ef000000)
  to   space 2560K, 0% used [0x00000000ef080000,0x00000000ef080000,0x00000000ef300000)
 ParOldGen       total 256512K, used 164941K [0x00000000c0000000, 0x00000000cfa80000, 0x00000000eab00000)
  object space 256512K, 64% used [0x00000000c0000000,0x00000000ca1135f8,0x00000000cfa80000)
 Metaspace       used 68377K, committed 69696K, reserved 1114112K
  class space    used 7138K, committed 7744K, reserved 1048576K
}
Event: 14.597 GC heap before
{Heap before GC invocations=148 (full 9):
 PSYoungGen      total 51200K, used 48796K [0x00000000eab00000, 0x00000000ef300000, 0x0000000100000000)
  eden space 46592K, 100% used [0x00000000eab00000,0x00000000ed880000,0x00000000ed880000)
  from space 4608K, 47% used [0x00000000eeb80000,0x00000000eeda72b8,0x00000000ef000000)
  to   space 2560K, 0% used [0x00000000ef080000,0x00000000ef080000,0x00000000ef300000)
 ParOldGen       total 256512K, used 164941K [0x00000000c0000000, 0x00000000cfa80000, 0x00000000eab00000)
  object space 256512K, 64% used [0x00000000c0000000,0x00000000ca1135f8,0x00000000cfa80000)
 Metaspace       used 69033K, committed 70400K, reserved 1114112K
  class space    used 7207K, committed 7808K, reserved 1048576K
}
Event: 14.602 GC heap after
{Heap after GC invocations=148 (full 9):
 PSYoungGen      total 48640K, used 2556K [0x00000000eab00000, 0x00000000ef300000, 0x0000000100000000)
  eden space 46080K, 0% used [0x00000000eab00000,0x00000000eab00000,0x00000000ed800000)
  from space 2560K, 99% used [0x00000000ef080000,0x00000000ef2ff2b8,0x00000000ef300000)
  to   space 7168K, 0% used [0x00000000ee500000,0x00000000ee500000,0x00000000eec00000)
 ParOldGen       total 256512K, used 168593K [0x00000000c0000000, 0x00000000cfa80000, 0x00000000eab00000)
  object space 256512K, 65% used [0x00000000c0000000,0x00000000ca4a4600,0x00000000cfa80000)
 Metaspace       used 69033K, committed 70400K, reserved 1114112K
  class space    used 7207K, committed 7808K, reserved 1048576K
}

